# JRE version: OpenJDK Runtime Environment GraalVM CE 22.3.0 (17.0.5+8) (build 17.0.5+8-jvmci-22.3-b08)
# Java VM: OpenJDK 64-Bit Server VM GraalVM CE 22.3.0 (17.0.5+8-jvmci-22.3-b08, mixed mode, sharing, tiered, jvmci, jvmci compiler, compressed oops, compressed class ptrs, parallel gc, linux-amd64)
GC Precious Log:
 CPUs: 4 total, 1 available
 Memory: 1024M
 Large Page Support: Disabled
 NUMA Support: Disabled
 Compressed Oops: Enabled (32-bit)
 Alignments: Space 512K, Generation 512K, Heap 2M
 Heap Min Capacity: 100M
 Heap Initial Capacity: 100M
 Heap Max Capacity: 512M
 Pre-touch: Disabled
 Parallel Workers: 1
Heap:
 PSYoungGen      total 29184K, used 29132K [0x00000000f5580000, 0x00000000f9000000, 0x0000000100000000)
  eden space 18944K, 99% used [0x00000000f5580000,0x00000000f67ffff0,0x00000000f6800000)
  from space 10240K, 99% used [0x00000000f6800000,0x00000000f71f3388,0x00000000f7200000)
  to   space 19968K, 0% used [0x00000000f7c80000,0x00000000f7c80000,0x00000000f9000000)
 ParOldGen       total 349696K, used 349695K [0x00000000e0000000, 0x00000000f5580000, 0x00000000f5580000)
  object space 349696K, 99% used [0x00000000e0000000,0x00000000f557fc48,0x00000000f5580000)
 Metaspace       used 55469K, committed 56256K, reserved 1105920K
  class space    used 5195K, committed 5568K, reserved 1048576K
GC Heap History (20 events):
Event: 1155.012 GC heap before
{Heap before GC invocations=875 (full 725):
 PSYoungGen      total 29184K, used 29132K [0x00000000f5580000, 0x00000000f9000000, 0x0000000100000000)
  eden space 18944K, 100% used [0x00000000f5580000,0x00000000f6800000,0x00000000f6800000)
  from space 10240K, 99% used [0x00000000f6800000,0x00000000f71f3388,0x00000000f7200000)
  to   space 19968K, 0% used [0x00000000f7c80000,0x00000000f7c80000,0x00000000f9000000)
 ParOldGen       total 349696K, used 349691K [0x00000000e0000000, 0x00000000f5580000, 0x00000000f5580000)
  object space 349696K, 99% used [0x00000000e0000000,0x00000000f557ede0,0x00000000f5580000)
 Metaspace       used 55469K, committed 56256K, reserved 1105920K
  class space    used 5195K, committed 5568K, reserved 1048576K
}
Event: 1156.139 GC heap after
{Heap after GC invocations=875 (full 725):
 PSYoungGen      total 29184K, used 29132K [0x00000000f5580000, 0x00000000f9000000, 0x0000000100000000)
  eden space 18944K, 100% used [0x00000000f5580000,0x00000000f6800000,0x00000000f6800000)
  from space 10240K, 99% used [0x00000000f6800000,0x00000000f71f3388,0x00000000f7200000)
  to   space 19968K, 0% used [0x00000000f7c80000,0x00000000f7c80000,0x00000000f9000000)
 ParOldGen       total 349696K, used 349691K [0x00000000e0000000, 0x00000000f5580000, 0x00000000f5580000)
  object space 349696K, 99% used [0x00000000e0000000,0x00000000f557ed70,0x00000000f5580000)
 Metaspace       used 55469K, committed 56256K, reserved 1105920K
  class space    used 5195K, committed 5568K, reserved 1048576K
}
Event: 1156.139 GC heap before
{Heap before GC invocations=876 (full 726):
 PSYoungGen      total 29184K, used 29132K [0x00000000f5580000, 0x00000000f9000000, 0x0000000100000000)
  eden space 18944K, 100% used [0x00000000f5580000,0x00000000f6800000,0x00000000f6800000)
  from space 10240K, 99% used [0x00000000f6800000,0x00000000f71f3388,0x00000000f7200000)
  to   space 19968K, 0% used [0x00000000f7c80000,0x00000000f7c80000,0x00000000f9000000)
 ParOldGen       total 349696K, used 349692K [0x00000000e0000000, 0x00000000f5580000, 0x00000000f5580000)
  object space 349696K, 99% used [0x00000000e0000000,0x00000000f557f2e0,0x00000000f5580000)
 Metaspace       used 55469K, committed 56256K, reserved 1105920K
  class space    used 5195K, committed 5568K, reserved 1048576K
}
Event: 1157.466 GC heap after
{Heap after GC invocations=876 (full 726):
 PSYoungGen      total 29184K, used 29132K [0x00000000f5580000, 0x00000000f9000000, 0x0000000100000000)
  eden space 18944K, 100% used [0x00000000f5580000,0x00000000f6800000,0x00000000f6800000)
  from space 10240K, 99% used [0x00000000f6800000,0x00000000f71f3388,0x00000000f7200000)
  to   space 19968K, 0% used [0x00000000f7c80000,0x00000000f7c80000,0x00000000f9000000)
 ParOldGen       total 349696K, used 349691K [0x00000000e0000000, 0x00000000f5580000, 0x00000000f5580000)
  object space 349696K, 99% used [0x00000000e0000000,0x00000000f557ef58,0x00000000f5580000)
 Metaspace       used 55469K, committed 56256K, reserved 1105920K
  class space    used 5195K, committed 5568K, reserved 1048576K
}
Event: 1157.467 GC heap before
{Heap before GC invocations=877 (full 727):
 PSYoungGen      total 29184K, used 29132K [0x00000000f5580000, 0x00000000f9000000, 0x0000000100000000)
  eden space 18944K, 100% used [0x00000000f5580000,0x00000000f6800000,0x00000000f6800000)
  from space 10240K, 99% used [0x00000000f6800000,0x00000000f71f3388,0x00000000f7200000)
  to   space 19968K, 0% used [0x00000000f7c80000,0x00000000f7c80000,0x00000000f9000000)
 ParOldGen       total 349696K, used 349694K [0x00000000e0000000, 0x00000000f5580000, 0x00000000f5580000)
  object space 349696K, 99% used [0x00000000e0000000,0x00000000f557f978,0x00000000f5580000)
 Metaspace       used 55469K, committed 56256K, reserved 1105920K
  class space    used 5195K, committed 5568K, reserved 1048576K
}
Event: 1158.848 GC heap after
{Heap after GC invocations=877 (full 727):
 PSYoungGen      total 29184K, used 29132K [0x00000000f5580000, 0x00000000f9000000, 0x0000000100000000)
  eden space 18944K, 99% used [0x00000000f5580000,0x00000000f67ffee0,0x00000000f6800000)
  from space 10240K, 99% used [0x00000000f6800000,0x00000000f71f3388,0x00000000f7200000)
  to   space 19968K, 0% used [0x00000000f7c80000,0x00000000f7c80000,0x00000000f9000000)
 ParOldGen       total 349696K, used 349692K [0x00000000e0000000, 0x00000000f5580000, 0x00000000f5580000)
  object space 349696K, 99% used [0x00000000e0000000,0x00000000f557f280,0x00000000f5580000)
 Metaspace       used 55469K, committed 56256K, reserved 1105920K
  class space    used 5195K, committed 5568K, reserved 1048576K
}
Event: 1158.849 GC heap before
{Heap before GC invocations=878 (full 728):
 PSYoungGen      total 29184K, used 29132K [0x00000000f5580000, 0x00000000f9000000, 0x0000000100000000)
  eden space 18944K, 100% used [0x00000000f5580000,0x00000000f6800000,0x00000000f6800000)
  from space 10240K, 99% used [0x00000000f6800000,0x00000000f71f3388,0x00000000f7200000)
  to   space 19968K, 0% used [0x00000000f7c80000,0x00000000f7c80000,0x00000000f9000000)
 ParOldGen       total 349696K, used 349692K [0x00000000e0000000, 0x00000000f5580000, 0x00000000f5580000)
  object space 349696K, 99% used [0x00000000e0000000,0x00000000f557f280,0x00000000f5580000)
 Metaspace       used 55469K, committed 56256K, reserved 1105920K
  class space    used 5195K, committed 5568K, reserved 1048576K
}
Event: 1160.034 GC heap after
{Heap after GC invocations=878 (full 728):
 PSYoungGen      total 29184K, used 29132K [0x00000000f5580000, 0x00000000f9000000, 0x0000000100000000)
  eden space 18944K, 100% used [0x00000000f5580000,0x00000000f6800000,0x00000000f6800000)
  from space 10240K, 99% used [0x00000000f6800000,0x00000000f71f3388,0x00000000f7200000)
  to   space 19968K, 0% used [0x00000000f7c80000,0x00000000f7c80000,0x00000000f9000000)
 ParOldGen       total 349696K, used 349692K [0x00000000e0000000, 0x00000000f5580000, 0x00000000f5580000)
  object space 349696K, 99% used [0x00000000e0000000,0x00000000f557f280,0x00000000f5580000)
 Metaspace       used 55469K, committed 56256K, reserved 1105920K
  class space    used 5195K, committed 5568K, reserved 1048576K
}
Event: 1160.039 GC heap before
{Heap before GC invocations=879 (full 729):
 PSYoungGen      total 29184K, used 29132K [0x00000000f5580000, 0x00000000f9000000, 0x0000000100000000)
  eden space 18944K, 100% used [0x00000000f5580000,0x00000000f6800000,0x00000000f6800000)
  from space 10240K, 99% used [0x00000000f6800000,0x00000000f71f3388,0x00000000f7200000)
  to   space 19968K, 0% used [0x00000000f7c80000,0x00000000f7c80000,0x00000000f9000000)
 ParOldGen       total 349696K, used 349694K [0x00000000e0000000, 0x00000000f5580000, 0x00000000f5580000)
  object space 349696K, 99% used [0x00000000e0000000,0x00000000f557fba0,0x00000000f5580000)
 Metaspace       used 55469K, committed 56256K, reserved 1105920K
  class space    used 5195K, committed 5568K, reserved 1048576K
}
Event: 1161.315 GC heap after
{Heap after GC invocations=879 (full 729):
 PSYoungGen      total 29184K, used 29132K [0x00000000f5580000, 0x00000000f9000000, 0x0000000100000000)
  eden space 18944K, 99% used [0x00000000f5580000,0x00000000f67ffe00,0x00000000f6800000)
  from space 10240K, 99% used [0x00000000f6800000,0x00000000f71f3388,0x00000000f7200000)
  to   space 19968K, 0% used [0x00000000f7c80000,0x00000000f7c80000,0x00000000f9000000)
 ParOldGen       total 349696K, used 349694K [0x00000000e0000000, 0x00000000f5580000, 0x00000000f5580000)
  object space 349696K, 99% used [0x00000000e0000000,0x00000000f557fb70,0x00000000f5580000)
 Metaspace       used 55469K, committed 56256K, reserved 1105920K
  class space    used 5195K, committed 5568K, reserved 1048576K
}
Event: 1161.315 GC heap before
{Heap before GC invocations=880 (full 730):
 PSYoungGen      total 29184K, used 29132K [0x00000000f5580000, 0x00000000f9000000, 0x0000000100000000)
  eden space 18944K, 99% used [0x00000000f5580000,0x00000000f67ffff8,0x00000000f6800000)
  from space 10240K, 99% used [0x00000000f6800000,0x00000000f71f3388,0x00000000f7200000)
  to   space 19968K, 0% used [0x00000000f7c80000,0x00000000f7c80000,0x00000000f9000000)
 ParOldGen       total 349696K, used 349694K [0x00000000e0000000, 0x00000000f5580000, 0x00000000f5580000)
  object space 349696K, 99% used [0x00000000e0000000,0x00000000f557fb70,0x00000000f5580000)
 Metaspace       used 55469K, committed 56256K, reserved 1105920K
  class space    used 5195K, committed 5568K, reserved 1048576K
}
Event: 1163.042 GC heap after
{Heap after GC invocations=880 (full 730):
 PSYoungGen      total 29184K, used 29132K [0x00000000f5580000, 0x00000000f9000000, 0x0000000100000000)
  eden space 18944K, 99% used [0x00000000f5580000,0x00000000f67ffff8,0x00000000f6800000)
  from space 10240K, 99% used [0x00000000f6800000,0x00000000f71f3388,0x00000000f7200000)
  to   space 19968K, 0% used [0x00000000f7c80000,0x00000000f7c80000,0x00000000f9000000)
 ParOldGen       total 349696K, used 349694K [0x00000000e0000000, 0x00000000f5580000, 0x00000000f5580000)
  object space 349696K, 99% used [0x00000000e0000000,0x00000000f557fb70,0x00000000f5580000)
 Metaspace       used 55469K, committed 56256K, reserved 1105920K
  class space    used 5195K, committed 5568K, reserved 1048576K
}
Event: 1163.044 GC heap before
{Heap before GC invocations=881 (full 731):
 PSYoungGen      total 29184K, used 29132K [0x00000000f5580000, 0x00000000f9000000, 0x0000000100000000)
  eden space 18944K, 99% used [0x00000000f5580000,0x00000000f67ffff8,0x00000000f6800000)
  from space 10240K, 99% used [0x00000000f6800000,0x00000000f71f3388,0x00000000f7200000)
  to   space 19968K, 0% used [0x00000000f7c80000,0x00000000f7c80000,0x00000000f9000000)
 ParOldGen       total 349696K, used 349695K [0x00000000e0000000, 0x00000000f5580000, 0x00000000f5580000)
  object space 349696K, 99% used [0x00000000e0000000,0x00000000f557fed8,0x00000000f5580000)
 Metaspace       used 55469K, committed 56256K, reserved 1105920K
  class space    used 5195K, committed 5568K, reserved 1048576K
}
Event: 1164.217 GC heap after
{Heap after GC invocations=881 (full 731):
 PSYoungGen      total 29184K, used 29132K [0x00000000f5580000, 0x00000000f9000000, 0x0000000100000000)
  eden space 18944K, 99% used [0x00000000f5580000,0x00000000f67ffff8,0x00000000f6800000)
  from space 10240K, 99% used [0x00000000f6800000,0x00000000f71f3388,0x00000000f7200000)
  to   space 19968K, 0% used [0x00000000f7c80000,0x00000000f7c80000,0x00000000f9000000)
 ParOldGen       total 349696K, used 349695K [0x00000000e0000000, 0x00000000f5580000, 0x00000000f5580000)
  object space 349696K, 99% used [0x00000000e0000000,0x00000000f557fdd8,0x00000000f5580000)
 Metaspace       used 55469K, committed 56256K, reserved 1105920K
  class space    used 5195K, committed 5568K, reserved 1048576K
}
Event: 1164.217 GC heap before
{Heap before GC invocations=882 (full 732):
 PSYoungGen      total 29184K, used 29132K [0x00000000f5580000, 0x00000000f9000000, 0x0000000100000000)
  eden space 18944K, 99% used [0x00000000f5580000,0x00000000f67ffff8,0x00000000f6800000)
  from space 10240K, 99% used [0x00000000f6800000,0x00000000f71f3388,0x00000000f7200000)
  to   space 19968K, 0% used [0x00000000f7c80000,0x00000000f7c80000,0x00000000f9000000)
 ParOldGen       total 349696K, used 349695K [0x00000000e0000000, 0x00000000f5580000, 0x00000000f5580000)
  object space 349696K, 99% used [0x00000000e0000000,0x00000000f557fdd8,0x00000000f5580000)
 Metaspace       used 55469K, committed 56256K, reserved 1105920K
  class space    used 5195K, committed 5568K, reserved 1048576K
}
Event: 1165.344 GC heap after
{Heap after GC invocations=882 (full 732):
 PSYoungGen      total 29184K, used 29132K [0x00000000f5580000, 0x00000000f9000000, 0x0000000100000000)
  eden space 18944K, 99% used [0x00000000f5580000,0x00000000f67fff70,0x00000000f6800000)
  from space 10240K, 99% used [0x00000000f6800000,0x00000000f71f3388,0x00000000f7200000)
  to   space 19968K, 0% used [0x00000000f7c80000,0x00000000f7c80000,0x00000000f9000000)
 ParOldGen       total 349696K, used 349694K [0x00000000e0000000, 0x00000000f5580000, 0x00000000f5580000)
  object space 349696K, 99% used [0x00000000e0000000,0x00000000f557fbc0,0x00000000f5580000)
 Metaspace       used 55469K, committed 56256K, reserved 1105920K
  class space    used 5195K, committed 5568K, reserved 1048576K
}
Event: 1165.344 GC heap before
{Heap before GC invocations=883 (full 733):
 PSYoungGen      total 29184K, used 29132K [0x00000000f5580000, 0x00000000f9000000, 0x0000000100000000)
  eden space 18944K, 99% used [0x00000000f5580000,0x00000000f67fff70,0x00000000f6800000)
  from space 10240K, 99% used [0x00000000f6800000,0x00000000f71f3388,0x00000000f7200000)
  to   space 19968K, 0% used [0x00000000f7c80000,0x00000000f7c80000,0x00000000f9000000)
 ParOldGen       total 349696K, used 349694K [0x00000000e0000000, 0x00000000f5580000, 0x00000000f5580000)
  object space 349696K, 99% used [0x00000000e0000000,0x00000000f557fbc0,0x00000000f5580000)
 Metaspace       used 55469K, committed 56256K, reserved 1105920K
  class space    used 5195K, committed 5568K, reserved 1048576K
}
Event: 1166.535 GC heap after
{Heap after GC invocations=883 (full 733):
 PSYoungGen      total 29184K, used 29132K [0x00000000f5580000, 0x00000000f9000000, 0x0000000100000000)
  eden space 18944K, 99% used [0x00000000f5580000,0x00000000f67fff70,0x00000000f6800000)
  from space 10240K, 99% used [0x00000000f6800000,0x00000000f71f3388,0x00000000f7200000)
  to   space 19968K, 0% used [0x00000000f7c80000,0x00000000f7c80000,0x00000000f9000000)
 ParOldGen       total 349696K, used 349694K [0x00000000e0000000, 0x00000000f5580000, 0x00000000f5580000)
  object space 349696K, 99% used [0x00000000e0000000,0x00000000f557fbc0,0x00000000f5580000)
 Metaspace       used 55469K, committed 56256K, reserved 1105920K
  class space    used 5195K, committed 5568K, reserved 1048576K
}
Event: 1166.535 GC heap before
{Heap before GC invocations=884 (full 734):
 PSYoungGen      total 29184K, used 29132K [0x00000000f5580000, 0x00000000f9000000, 0x0000000100000000)
  eden space 18944K, 99% used [0x00000000f5580000,0x00000000f67fff70,0x00000000f6800000)
  from space 10240K, 99% used [0x00000000f6800000,0x00000000f71f3388,0x00000000f7200000)
  to   space 19968K, 0% used [0x00000000f7c80000,0x00000000f7c80000,0x00000000f9000000)
 ParOldGen       total 349696K, used 349694K [0x00000000e0000000, 0x00000000f5580000, 0x00000000f5580000)
  object space 349696K, 99% used [0x00000000e0000000,0x00000000f557fbc0,0x00000000f5580000)
 Metaspace       used 55469K, committed 56256K, reserved 1105920K
  class space    used 5195K, committed 5568K, reserved 1048576K
}
Event: 1167.726 GC heap after
{Heap after GC invocations=884 (full 734):
 PSYoungGen      total 29184K, used 29132K [0x00000000f5580000, 0x00000000f9000000, 0x0000000100000000)
  eden space 18944K, 99% used [0x00000000f5580000,0x00000000f67fff70,0x00000000f6800000)
  from space 10240K, 99% used [0x00000000f6800000,0x00000000f71f3388,0x00000000f7200000)
  to   space 19968K, 0% used [0x00000000f7c80000,0x00000000f7c80000,0x00000000f9000000)
 ParOldGen       total 349696K, used 349694K [0x00000000e0000000, 0x00000000f5580000, 0x00000000f5580000)
  object space 349696K, 99% used [0x00000000e0000000,0x00000000f557fbc0,0x00000000f5580000)
 Metaspace       used 55469K, committed 56256K, reserved 1105920K
  class space    used 5195K, committed 5568K, reserved 1048576K
}

